[ 2016-10-12T14:02:12+08:00 ] 192.168.56.1 /system/clearCache.html
INFO: [ app_begin ] --START--
INFO: Run Behavior\ReadHtmlCacheBehavior [ RunTime:0.000037s ]
INFO: [ app_begin ] --END-- [ RunTime:0.000092s ]
SQL: SHOW COLUMNS FROM `hcf_auth_group_access` [ RunTime:0.0006s ]
SQL: SELECT `uid`,`group_id`,`title`,`rules` FROM hcf_auth_group_access a INNER JOIN hcf_auth_group g on a.group_id=g.id  WHERE ( a.uid='1' and g.status='1' )  [ RunTime:0.0001s ]
NOTIC: [2048] Non-static method Dir::delDir() should not be called statically, assuming $this from incompatible context /data1/www/gy_easyui/Apps/Admin/Controller/SystemController.class.php 第 33 行.
NOTIC: [2048] Non-static method Dir::delDir() should not be called statically, assuming $this from incompatible context /data1/www/gy_easyui/Apps/Common/Org/Dir.class.php 第 448 行.
NOTIC: [2048] Non-static method Dir::delDir() should not be called statically, assuming $this from incompatible context /data1/www/gy_easyui/Apps/Common/Org/Dir.class.php 第 448 行.
NOTIC: [2048] Non-static method Dir::delDir() should not be called statically, assuming $this from incompatible context /data1/www/gy_easyui/Apps/Common/Org/Dir.class.php 第 448 行.
NOTIC: [2048] Non-static method Dir::delDir() should not be called statically, assuming $this from incompatible context /data1/www/gy_easyui/Apps/Common/Org/Dir.class.php 第 448 行.
NOTIC: [2048] Non-static method Dir::delDir() should not be called statically, assuming $this from incompatible context /data1/www/gy_easyui/Apps/Common/Org/Dir.class.php 第 448 行.
NOTIC: [2048] Non-static method Dir::delDir() should not be called statically, assuming $this from incompatible context /data1/www/gy_easyui/Apps/Common/Org/Dir.class.php 第 448 行.
NOTIC: [2] rmdir(./Apps//Runtime/): Permission denied /data1/www/gy_easyui/Apps/Common/Org/Dir.class.php 第 455 行.

[ 2016-10-12T14:03:00+08:00 ] 192.168.56.1 /Member/index.html?_=1476252168598
INFO: [ app_begin ] --START--
INFO: Run Behavior\ReadHtmlCacheBehavior [ RunTime:0.000036s ]
INFO: [ app_begin ] --END-- [ RunTime:0.000087s ]
SQL: SHOW COLUMNS FROM `hcf_auth_group_access` [ RunTime:0.0005s ]
SQL: SELECT `uid`,`group_id`,`title`,`rules` FROM hcf_auth_group_access a INNER JOIN hcf_auth_group g on a.group_id=g.id  WHERE ( a.uid='1' and g.status='1' )  [ RunTime:0.0001s ]
SQL: SHOW COLUMNS FROM `hcf_member_group` [ RunTime:0.0006s ]
SQL: SELECT `id`,`name` FROM `hcf_member_group` ORDER BY sort desc  [ RunTime:0.0001s ]
INFO: [ view_parse ] --START--
INFO: [ template_filter ] --START--
INFO: Run Behavior\ContentReplaceBehavior [ RunTime:0.000052s ]
INFO: [ template_filter ] --END-- [ RunTime:0.000108s ]
INFO: Run Behavior\ParseTemplateBehavior [ RunTime:0.008825s ]
INFO: [ view_parse ] --END-- [ RunTime:0.008871s ]
INFO: [ view_filter ] --START--
INFO: Run Behavior\WriteHtmlCacheBehavior [ RunTime:0.000463s ]
INFO: [ view_filter ] --END-- [ RunTime:0.000498s ]
INFO: [ app_end ] --START--
INFO: Run Behavior\ShowPageTraceBehavior [ RunTime:0.000086s ]
INFO: [ app_end ] --END-- [ RunTime:0.000153s ]

[ 2016-10-12T14:03:02+08:00 ] 192.168.56.1 /Member/memberList.html
INFO: [ app_begin ] --START--
INFO: Run Behavior\ReadHtmlCacheBehavior [ RunTime:0.000016s ]
INFO: [ app_begin ] --END-- [ RunTime:0.000043s ]
SQL: SHOW COLUMNS FROM `hcf_auth_group_access` [ RunTime:0.0004s ]
SQL: SELECT `uid`,`group_id`,`title`,`rules` FROM hcf_auth_group_access a INNER JOIN hcf_auth_group g on a.group_id=g.id  WHERE ( a.uid='1' and g.status='1' )  [ RunTime:0.0000s ]
SQL: SHOW COLUMNS FROM `hcf_member` [ RunTime:0.0003s ]
NOTIC: [8] Undefined variable: map /data1/www/gy_easyui/Apps/Admin/Controller/MemberController.class.php 第 40 行.
SQL: SELECT COUNT(*) AS tp_count FROM `hcf_member` LIMIT 1   [ RunTime:0.0001s ]
NOTIC: [8] Undefined variable: map /data1/www/gy_easyui/Apps/Admin/Controller/MemberController.class.php 第 42 行.
SQL: SELECT M.id,M.username,M.groupid as gid,M.nickname,M.mobile,M.email,M.vip,M.overduedate,M.amount as amt,M.point as pt,M.loginnum,M.regdate,M.regip,M.lastdate,M.lastip,M.islock as lk,MG.name FROM hcf_member M left JOIN hcf_member_group as MG on MG.id=M.groupid  ORDER BY id desc LIMIT 0,15   [ RunTime:0.0001s ]

[ 2016-10-12T14:03:29+08:00 ] 192.168.56.1 /Member/index.html?_=1476252206809
INFO: [ app_begin ] --START--
INFO: Run Behavior\ReadHtmlCacheBehavior [ RunTime:0.000023s ]
INFO: [ app_begin ] --END-- [ RunTime:0.000061s ]
SQL: SHOW COLUMNS FROM `hcf_auth_group_access` [ RunTime:0.0005s ]
SQL: SELECT `uid`,`group_id`,`title`,`rules` FROM hcf_auth_group_access a INNER JOIN hcf_auth_group g on a.group_id=g.id  WHERE ( a.uid='1' and g.status='1' )  [ RunTime:0.0000s ]
SQL: SHOW COLUMNS FROM `hcf_member_group` [ RunTime:0.0015s ]
INFO: [ view_parse ] --START--
INFO: [ template_filter ] --START--
INFO: Run Behavior\ContentReplaceBehavior [ RunTime:0.000034s ]
INFO: [ template_filter ] --END-- [ RunTime:0.000070s ]
INFO: Run Behavior\ParseTemplateBehavior [ RunTime:0.004832s ]
INFO: [ view_parse ] --END-- [ RunTime:0.004873s ]
INFO: [ view_filter ] --START--
INFO: Run Behavior\WriteHtmlCacheBehavior [ RunTime:0.000032s ]
INFO: [ view_filter ] --END-- [ RunTime:0.000046s ]
INFO: [ app_end ] --START--
INFO: Run Behavior\ShowPageTraceBehavior [ RunTime:0.000026s ]
INFO: [ app_end ] --END-- [ RunTime:0.000046s ]

[ 2016-10-12T14:03:29+08:00 ] 192.168.56.1 /Member/memberList.html
INFO: [ app_begin ] --START--
INFO: Run Behavior\ReadHtmlCacheBehavior [ RunTime:0.000030s ]
INFO: [ app_begin ] --END-- [ RunTime:0.000078s ]
SQL: SHOW COLUMNS FROM `hcf_auth_group_access` [ RunTime:0.0004s ]
SQL: SELECT `uid`,`group_id`,`title`,`rules` FROM hcf_auth_group_access a INNER JOIN hcf_auth_group g on a.group_id=g.id  WHERE ( a.uid='1' and g.status='1' )  [ RunTime:0.0001s ]
SQL: SHOW COLUMNS FROM `hcf_member` [ RunTime:0.0005s ]
NOTIC: [8] Undefined variable: map /data1/www/gy_easyui/Apps/Admin/Controller/MemberController.class.php 第 40 行.
NOTIC: [8] Undefined variable: map /data1/www/gy_easyui/Apps/Admin/Controller/MemberController.class.php 第 42 行.
SQL: SELECT M.id,M.username,M.groupid as gid,M.nickname,M.mobile,M.email,M.vip,M.overduedate,M.amount as amt,M.point as pt,M.loginnum,M.regdate,M.regip,M.lastdate,M.lastip,M.islock as lk,MG.name FROM hcf_member M left JOIN hcf_member_group as MG on MG.id=M.groupid  ORDER BY id desc LIMIT 0,15   [ RunTime:0.0001s ]

[ 2016-10-12T14:03:38+08:00 ] 192.168.56.1 /Member/group.html?_=1476252206810
INFO: [ app_begin ] --START--
INFO: Run Behavior\ReadHtmlCacheBehavior [ RunTime:0.000034s ]
INFO: [ app_begin ] --END-- [ RunTime:0.000088s ]
SQL: SHOW COLUMNS FROM `hcf_auth_group_access` [ RunTime:0.0006s ]
SQL: SELECT `uid`,`group_id`,`title`,`rules` FROM hcf_auth_group_access a INNER JOIN hcf_auth_group g on a.group_id=g.id  WHERE ( a.uid='1' and g.status='1' )  [ RunTime:0.0001s ]
INFO: [ view_parse ] --START--
INFO: [ template_filter ] --START--
INFO: Run Behavior\ContentReplaceBehavior [ RunTime:0.000041s ]
INFO: [ template_filter ] --END-- [ RunTime:0.000146s ]
INFO: Run Behavior\ParseTemplateBehavior [ RunTime:0.004865s ]
INFO: [ view_parse ] --END-- [ RunTime:0.004916s ]
INFO: [ view_filter ] --START--
INFO: Run Behavior\WriteHtmlCacheBehavior [ RunTime:0.000056s ]
INFO: [ view_filter ] --END-- [ RunTime:0.000083s ]
INFO: [ app_end ] --START--
INFO: Run Behavior\ShowPageTraceBehavior [ RunTime:0.000053s ]
INFO: [ app_end ] --END-- [ RunTime:0.000095s ]

[ 2016-10-12T14:03:38+08:00 ] 192.168.56.1 /Member/groupList.html
INFO: [ app_begin ] --START--
INFO: Run Behavior\ReadHtmlCacheBehavior [ RunTime:0.000031s ]
INFO: [ app_begin ] --END-- [ RunTime:0.000081s ]
SQL: SHOW COLUMNS FROM `hcf_auth_group_access` [ RunTime:0.0006s ]
SQL: SELECT `uid`,`group_id`,`title`,`rules` FROM hcf_auth_group_access a INNER JOIN hcf_auth_group g on a.group_id=g.id  WHERE ( a.uid='1' and g.status='1' )  [ RunTime:0.0001s ]
SQL: SHOW COLUMNS FROM `hcf_member_group` [ RunTime:0.0005s ]
SQL: SELECT COUNT(*) AS tp_count FROM `hcf_member_group` LIMIT 1   [ RunTime:0.0001s ]
SQL: SELECT * FROM `hcf_member_group` ORDER BY sort desc LIMIT 0,10   [ RunTime:0.0001s ]

[ 2016-10-12T14:03:41+08:00 ] 192.168.56.1 /Member/index.html?_=1476252206811
INFO: [ app_begin ] --START--
INFO: Run Behavior\ReadHtmlCacheBehavior [ RunTime:0.000021s ]
INFO: [ app_begin ] --END-- [ RunTime:0.000053s ]
SQL: SHOW COLUMNS FROM `hcf_auth_group_access` [ RunTime:0.0003s ]
SQL: SELECT `uid`,`group_id`,`title`,`rules` FROM hcf_auth_group_access a INNER JOIN hcf_auth_group g on a.group_id=g.id  WHERE ( a.uid='1' and g.status='1' )  [ RunTime:0.0000s ]
SQL: SHOW COLUMNS FROM `hcf_member_group` [ RunTime:0.0005s ]
INFO: [ view_parse ] --START--
INFO: [ template_filter ] --START--
INFO: Run Behavior\ContentReplaceBehavior [ RunTime:0.000030s ]
INFO: [ template_filter ] --END-- [ RunTime:0.000058s ]
INFO: Run Behavior\ParseTemplateBehavior [ RunTime:0.003608s ]
INFO: [ view_parse ] --END-- [ RunTime:0.003642s ]
INFO: [ view_filter ] --START--
INFO: Run Behavior\WriteHtmlCacheBehavior [ RunTime:0.000076s ]
INFO: [ view_filter ] --END-- [ RunTime:0.000116s ]
INFO: [ app_end ] --START--
INFO: Run Behavior\ShowPageTraceBehavior [ RunTime:0.000027s ]
INFO: [ app_end ] --END-- [ RunTime:0.000046s ]

[ 2016-10-12T14:03:41+08:00 ] 192.168.56.1 /Member/memberList.html
INFO: [ app_begin ] --START--
INFO: Run Behavior\ReadHtmlCacheBehavior [ RunTime:0.000017s ]
INFO: [ app_begin ] --END-- [ RunTime:0.000046s ]
SQL: SHOW COLUMNS FROM `hcf_auth_group_access` [ RunTime:0.0003s ]
SQL: SELECT `uid`,`group_id`,`title`,`rules` FROM hcf_auth_group_access a INNER JOIN hcf_auth_group g on a.group_id=g.id  WHERE ( a.uid='1' and g.status='1' )  [ RunTime:0.0000s ]
SQL: SHOW COLUMNS FROM `hcf_member` [ RunTime:0.0004s ]
NOTIC: [8] Undefined variable: map /data1/www/gy_easyui/Apps/Admin/Controller/MemberController.class.php 第 40 行.
NOTIC: [8] Undefined variable: map /data1/www/gy_easyui/Apps/Admin/Controller/MemberController.class.php 第 42 行.
SQL: SELECT M.id,M.username,M.groupid as gid,M.nickname,M.mobile,M.email,M.vip,M.overduedate,M.amount as amt,M.point as pt,M.loginnum,M.regdate,M.regip,M.lastdate,M.lastip,M.islock as lk,MG.name FROM hcf_member M left JOIN hcf_member_group as MG on MG.id=M.groupid  ORDER BY id desc LIMIT 0,15   [ RunTime:0.0001s ]

[ 2016-10-12T14:03:44+08:00 ] 192.168.56.1 /Auth/index.html?_=1476252206812
INFO: [ app_begin ] --START--
INFO: Run Behavior\ReadHtmlCacheBehavior [ RunTime:0.000019s ]
INFO: [ app_begin ] --END-- [ RunTime:0.000049s ]
SQL: SHOW COLUMNS FROM `hcf_auth_group_access` [ RunTime:0.0004s ]
SQL: SELECT `uid`,`group_id`,`title`,`rules` FROM hcf_auth_group_access a INNER JOIN hcf_auth_group g on a.group_id=g.id  WHERE ( a.uid='1' and g.status='1' )  [ RunTime:0.0000s ]
SQL: SHOW COLUMNS FROM `hcf_auth_group` [ RunTime:0.0002s ]
SQL: SELECT `id`,`title` FROM `hcf_auth_group`  [ RunTime:0.0000s ]
INFO: [ view_parse ] --START--
INFO: [ template_filter ] --START--
INFO: Run Behavior\ContentReplaceBehavior [ RunTime:0.000031s ]
INFO: [ template_filter ] --END-- [ RunTime:0.000062s ]
INFO: Run Behavior\ParseTemplateBehavior [ RunTime:0.004753s ]
INFO: [ view_parse ] --END-- [ RunTime:0.004784s ]
INFO: [ view_filter ] --START--
INFO: Run Behavior\WriteHtmlCacheBehavior [ RunTime:0.000030s ]
INFO: [ view_filter ] --END-- [ RunTime:0.000045s ]
INFO: [ app_end ] --START--
INFO: Run Behavior\ShowPageTraceBehavior [ RunTime:0.000025s ]
INFO: [ app_end ] --END-- [ RunTime:0.000043s ]

[ 2016-10-12T14:03:45+08:00 ] 192.168.56.1 /Auth/userList.html
INFO: [ app_begin ] --START--
INFO: Run Behavior\ReadHtmlCacheBehavior [ RunTime:0.000030s ]
INFO: [ app_begin ] --END-- [ RunTime:0.000108s ]
SQL: SHOW COLUMNS FROM `hcf_auth_group_access` [ RunTime:0.0004s ]
SQL: SELECT `uid`,`group_id`,`title`,`rules` FROM hcf_auth_group_access a INNER JOIN hcf_auth_group g on a.group_id=g.id  WHERE ( a.uid='1' and g.status='1' )  [ RunTime:0.0001s ]
SQL: SHOW COLUMNS FROM `hcf_auth_user` [ RunTime:0.0004s ]
SQL: SELECT COUNT(*) AS tp_count FROM `hcf_auth_user` LIMIT 1   [ RunTime:0.0001s ]
SQL: SELECT AU.uid,AU.username as name,AU.email,AU.lastloginip,AU.lastlogintime,AU.realname,AU.score,AG.title,AG.id as groupId FROM hcf_auth_user AU left JOIN hcf_auth_group_access as AGA on AGA.uid=AU.uid left JOIN hcf_auth_group as AG on AG.id=AGA.group_id  ORDER BY uid desc LIMIT 0,15   [ RunTime:0.0002s ]

[ 2016-10-12T14:04:37+08:00 ] 192.168.56.1 /Auth/userList.html
INFO: [ app_begin ] --START--
INFO: Run Behavior\ReadHtmlCacheBehavior [ RunTime:0.000038s ]
INFO: [ app_begin ] --END-- [ RunTime:0.000114s ]
SQL: SHOW COLUMNS FROM `hcf_auth_group_access` [ RunTime:0.0005s ]
SQL: SELECT `uid`,`group_id`,`title`,`rules` FROM hcf_auth_group_access a INNER JOIN hcf_auth_group g on a.group_id=g.id  WHERE ( a.uid='1' and g.status='1' )  [ RunTime:0.0001s ]
SQL: SHOW COLUMNS FROM `hcf_auth_user` [ RunTime:0.0004s ]
SQL: SELECT AU.uid,AU.username as name,AU.email,AU.lastloginip,AU.lastlogintime,AU.realname,AU.score,AG.title,AG.id as groupId FROM hcf_auth_user AU left JOIN hcf_auth_group_access as AGA on AGA.uid=AU.uid left JOIN hcf_auth_group as AG on AG.id=AGA.group_id  ORDER BY uid desc LIMIT 0,15   [ RunTime:0.0001s ]

[ 2016-10-12T14:04:43+08:00 ] 192.168.56.1 /Auth/userList.html
INFO: [ app_begin ] --START--
INFO: Run Behavior\ReadHtmlCacheBehavior [ RunTime:0.000037s ]
INFO: [ app_begin ] --END-- [ RunTime:0.000096s ]
SQL: SHOW COLUMNS FROM `hcf_auth_group_access` [ RunTime:0.0007s ]
SQL: SELECT `uid`,`group_id`,`title`,`rules` FROM hcf_auth_group_access a INNER JOIN hcf_auth_group g on a.group_id=g.id  WHERE ( a.uid='1' and g.status='1' )  [ RunTime:0.0002s ]
SQL: SHOW COLUMNS FROM `hcf_auth_user` [ RunTime:0.0006s ]

[ 2016-10-12T14:04:45+08:00 ] 192.168.56.1 /Auth/userList.html
INFO: [ app_begin ] --START--
INFO: Run Behavior\ReadHtmlCacheBehavior [ RunTime:0.000032s ]
INFO: [ app_begin ] --END-- [ RunTime:0.000082s ]
SQL: SHOW COLUMNS FROM `hcf_auth_group_access` [ RunTime:0.0005s ]
SQL: SELECT `uid`,`group_id`,`title`,`rules` FROM hcf_auth_group_access a INNER JOIN hcf_auth_group g on a.group_id=g.id  WHERE ( a.uid='1' and g.status='1' )  [ RunTime:0.0001s ]
SQL: SHOW COLUMNS FROM `hcf_auth_user` [ RunTime:0.0005s ]

[ 2016-10-12T14:04:51+08:00 ] 192.168.56.1 /Auth/userList.html
INFO: [ app_begin ] --START--
INFO: Run Behavior\ReadHtmlCacheBehavior [ RunTime:0.000032s ]
INFO: [ app_begin ] --END-- [ RunTime:0.000089s ]
SQL: SHOW COLUMNS FROM `hcf_auth_group_access` [ RunTime:0.0006s ]
SQL: SELECT `uid`,`group_id`,`title`,`rules` FROM hcf_auth_group_access a INNER JOIN hcf_auth_group g on a.group_id=g.id  WHERE ( a.uid='1' and g.status='1' )  [ RunTime:0.0001s ]
SQL: SHOW COLUMNS FROM `hcf_auth_user` [ RunTime:0.0006s ]

[ 2016-10-12T14:04:54+08:00 ] 192.168.56.1 /Auth/userList.html
INFO: [ app_begin ] --START--
INFO: Run Behavior\ReadHtmlCacheBehavior [ RunTime:0.000034s ]
INFO: [ app_begin ] --END-- [ RunTime:0.000094s ]
SQL: SHOW COLUMNS FROM `hcf_auth_group_access` [ RunTime:0.0003s ]
SQL: SELECT `uid`,`group_id`,`title`,`rules` FROM hcf_auth_group_access a INNER JOIN hcf_auth_group g on a.group_id=g.id  WHERE ( a.uid='1' and g.status='1' )  [ RunTime:0.0000s ]
SQL: SHOW COLUMNS FROM `hcf_auth_user` [ RunTime:0.0002s ]

[ 2016-10-12T14:05:14+08:00 ] 192.168.56.1 /Auth/userList.html
INFO: [ app_begin ] --START--
INFO: Run Behavior\ReadHtmlCacheBehavior [ RunTime:0.000028s ]
INFO: [ app_begin ] --END-- [ RunTime:0.000075s ]
SQL: SHOW COLUMNS FROM `hcf_auth_group_access` [ RunTime:0.0006s ]
SQL: SELECT `uid`,`group_id`,`title`,`rules` FROM hcf_auth_group_access a INNER JOIN hcf_auth_group g on a.group_id=g.id  WHERE ( a.uid='1' and g.status='1' )  [ RunTime:0.0001s ]
SQL: SHOW COLUMNS FROM `hcf_auth_user` [ RunTime:0.0006s ]
SQL: SELECT COUNT(*) AS tp_count FROM `hcf_auth_user` WHERE `username` LIKE '%test001%' LIMIT 1   [ RunTime:0.0003s ]
SQL: SELECT AU.uid,AU.username as name,AU.email,AU.lastloginip,AU.lastlogintime,AU.realname,AU.score,AG.title,AG.id as groupId FROM hcf_auth_user AU left JOIN hcf_auth_group_access as AGA on AGA.uid=AU.uid left JOIN hcf_auth_group as AG on AG.id=AGA.group_id  WHERE `username` LIKE '%test001%' ORDER BY uid desc  [ RunTime:0.0004s ]

[ 2016-10-12T14:27:26+08:00 ] 192.168.56.1 /Auth/rule.html?_=1476252206813
INFO: [ app_begin ] --START--
INFO: Run Behavior\ReadHtmlCacheBehavior [ RunTime:0.000022s ]
INFO: [ app_begin ] --END-- [ RunTime:0.000055s ]
SQL: SHOW COLUMNS FROM `hcf_auth_group_access` [ RunTime:0.0004s ]
SQL: SELECT `uid`,`group_id`,`title`,`rules` FROM hcf_auth_group_access a INNER JOIN hcf_auth_group g on a.group_id=g.id  WHERE ( a.uid='1' and g.status='1' )  [ RunTime:0.0001s ]
SQL: SHOW COLUMNS FROM `hcf_auth_rule` [ RunTime:0.0005s ]
SQL: SELECT id as pid,`title` FROM `hcf_auth_rule` WHERE `pid` = '0'  [ RunTime:0.0001s ]
INFO: [ view_parse ] --START--
INFO: [ template_filter ] --START--
INFO: Run Behavior\ContentReplaceBehavior [ RunTime:0.000045s ]
INFO: [ template_filter ] --END-- [ RunTime:0.000240s ]
INFO: Run Behavior\ParseTemplateBehavior [ RunTime:0.011802s ]
INFO: [ view_parse ] --END-- [ RunTime:0.011844s ]
INFO: [ view_filter ] --START--
INFO: Run Behavior\WriteHtmlCacheBehavior [ RunTime:0.000043s ]
INFO: [ view_filter ] --END-- [ RunTime:0.000058s ]
INFO: [ app_end ] --START--
INFO: Run Behavior\ShowPageTraceBehavior [ RunTime:0.000025s ]
INFO: [ app_end ] --END-- [ RunTime:0.000045s ]

[ 2016-10-12T14:27:26+08:00 ] 192.168.56.1 /Auth/ruleList.html?randnum=786261
INFO: [ app_begin ] --START--
INFO: Run Behavior\ReadHtmlCacheBehavior [ RunTime:0.000026s ]
INFO: [ app_begin ] --END-- [ RunTime:0.000068s ]
SQL: SHOW COLUMNS FROM `hcf_auth_group_access` [ RunTime:0.0005s ]
SQL: SELECT `uid`,`group_id`,`title`,`rules` FROM hcf_auth_group_access a INNER JOIN hcf_auth_group g on a.group_id=g.id  WHERE ( a.uid='1' and g.status='1' )  [ RunTime:0.0001s ]
NOTIC: [8] Undefined variable: email /data1/www/gy_easyui/Apps/Admin/Controller/AuthController.class.php 第 272 行.
SQL: SHOW COLUMNS FROM `hcf_auth_rule` [ RunTime:0.0006s ]
SQL: SELECT COUNT(*) AS tp_count FROM `hcf_auth_rule` WHERE `pid` <> '0' LIMIT 1   [ RunTime:0.0001s ]
SQL: SHOW COLUMNS FROM `hcf_auth_rule` [ RunTime:0.0004s ]
SQL: SELECT `id`,`name` FROM `hcf_auth_rule` WHERE `pid` = '0'  [ RunTime:0.0001s ]
SQL: SHOW COLUMNS FROM `hcf_auth_rule` [ RunTime:0.0004s ]
SQL: SELECT `id`,`name`,`title`,`type`,`status`,`condition`,`pid` FROM `hcf_auth_rule` WHERE `pid` <> '0' ORDER BY id desc LIMIT 0,15   [ RunTime:0.0001s ]

[ 2016-10-12T14:28:53+08:00 ] 192.168.56.1 /Auth/ruleList.html?randnum=786261
INFO: [ app_begin ] --START--
INFO: Run Behavior\ReadHtmlCacheBehavior [ RunTime:0.000020s ]
INFO: [ app_begin ] --END-- [ RunTime:0.000053s ]
SQL: SHOW COLUMNS FROM `hcf_auth_group_access` [ RunTime:0.0003s ]
SQL: SELECT `uid`,`group_id`,`title`,`rules` FROM hcf_auth_group_access a INNER JOIN hcf_auth_group g on a.group_id=g.id  WHERE ( a.uid='1' and g.status='1' )  [ RunTime:0.0000s ]
NOTIC: [8] Undefined variable: email /data1/www/gy_easyui/Apps/Admin/Controller/AuthController.class.php 第 272 行.
SQL: SHOW COLUMNS FROM `hcf_auth_rule` [ RunTime:0.0003s ]
SQL: SELECT COUNT(*) AS tp_count FROM `hcf_auth_rule` WHERE `pid` <> '0' LIMIT 1   [ RunTime:0.0000s ]
SQL: SHOW COLUMNS FROM `hcf_auth_rule` [ RunTime:0.0003s ]
SQL: SHOW COLUMNS FROM `hcf_auth_rule` [ RunTime:0.0003s ]
SQL: SELECT `id`,`name`,`title`,`type`,`status`,`condition`,`pid` FROM `hcf_auth_rule` WHERE `pid` <> '0' ORDER BY id desc LIMIT 15,15   [ RunTime:0.0000s ]

[ 2016-10-12T14:40:51+08:00 ] 192.168.56.1 /Auth/group.html?_=1476252206814
INFO: [ app_begin ] --START--
INFO: Run Behavior\ReadHtmlCacheBehavior [ RunTime:0.000040s ]
INFO: [ app_begin ] --END-- [ RunTime:0.000087s ]
SQL: SHOW COLUMNS FROM `hcf_auth_group_access` [ RunTime:0.0005s ]
SQL: SELECT `uid`,`group_id`,`title`,`rules` FROM hcf_auth_group_access a INNER JOIN hcf_auth_group g on a.group_id=g.id  WHERE ( a.uid='1' and g.status='1' )  [ RunTime:0.0001s ]
INFO: [ view_parse ] --START--
INFO: [ template_filter ] --START--
INFO: Run Behavior\ContentReplaceBehavior [ RunTime:0.000026s ]
INFO: [ template_filter ] --END-- [ RunTime:0.000060s ]
INFO: Run Behavior\ParseTemplateBehavior [ RunTime:0.001932s ]
INFO: [ view_parse ] --END-- [ RunTime:0.001963s ]
INFO: [ view_filter ] --START--
INFO: Run Behavior\WriteHtmlCacheBehavior [ RunTime:0.000031s ]
INFO: [ view_filter ] --END-- [ RunTime:0.000046s ]
INFO: [ app_end ] --START--
INFO: Run Behavior\ShowPageTraceBehavior [ RunTime:0.000027s ]
INFO: [ app_end ] --END-- [ RunTime:0.000042s ]

[ 2016-10-12T14:40:51+08:00 ] 192.168.56.1 /Auth/groupList.html
INFO: [ app_begin ] --START--
INFO: Run Behavior\ReadHtmlCacheBehavior [ RunTime:0.000021s ]
INFO: [ app_begin ] --END-- [ RunTime:0.000053s ]
SQL: SHOW COLUMNS FROM `hcf_auth_group_access` [ RunTime:0.0003s ]
SQL: SELECT `uid`,`group_id`,`title`,`rules` FROM hcf_auth_group_access a INNER JOIN hcf_auth_group g on a.group_id=g.id  WHERE ( a.uid='1' and g.status='1' )  [ RunTime:0.0000s ]
SQL: SHOW COLUMNS FROM `hcf_auth_group` [ RunTime:0.0004s ]
SQL: SELECT COUNT(*) AS tp_count FROM `hcf_auth_group` LIMIT 1   [ RunTime:0.0001s ]
SQL: SHOW COLUMNS FROM `hcf_auth_group` [ RunTime:0.0002s ]
SQL: SELECT * FROM `hcf_auth_group` ORDER BY id desc LIMIT 0,15   [ RunTime:0.0000s ]

[ 2016-10-12T14:40:58+08:00 ] 192.168.56.1 /Auth/accessList.html
INFO: [ app_begin ] --START--
INFO: Run Behavior\ReadHtmlCacheBehavior [ RunTime:0.000048s ]
INFO: [ app_begin ] --END-- [ RunTime:0.000097s ]
SQL: SHOW COLUMNS FROM `hcf_auth_group_access` [ RunTime:0.0005s ]
SQL: SELECT `uid`,`group_id`,`title`,`rules` FROM hcf_auth_group_access a INNER JOIN hcf_auth_group g on a.group_id=g.id  WHERE ( a.uid='1' and g.status='1' )  [ RunTime:0.0001s ]
SQL: SHOW COLUMNS FROM `hcf_auth_group` [ RunTime:0.0005s ]
SQL: SELECT `rules` FROM `hcf_auth_group` WHERE `id` = 4 LIMIT 1   [ RunTime:0.0002s ]
SQL: SHOW COLUMNS FROM `hcf_auth_rule` [ RunTime:0.0006s ]
SQL: SELECT `id`,title as text,pid as parentId,`state` FROM `hcf_auth_rule` WHERE `pid` = 0  [ RunTime:0.0002s ]

[ 2016-10-12T14:41:00+08:00 ] 192.168.56.1 /Auth/accessList.html
INFO: [ app_begin ] --START--
INFO: Run Behavior\ReadHtmlCacheBehavior [ RunTime:0.000018s ]
INFO: [ app_begin ] --END-- [ RunTime:0.000054s ]
SQL: SHOW COLUMNS FROM `hcf_auth_group_access` [ RunTime:0.0003s ]
SQL: SELECT `uid`,`group_id`,`title`,`rules` FROM hcf_auth_group_access a INNER JOIN hcf_auth_group g on a.group_id=g.id  WHERE ( a.uid='1' and g.status='1' )  [ RunTime:0.0000s ]
SQL: SHOW COLUMNS FROM `hcf_auth_group` [ RunTime:0.0003s ]
SQL: SELECT `rules` FROM `hcf_auth_group` WHERE `id` = 4 LIMIT 1   [ RunTime:0.0000s ]
SQL: SHOW COLUMNS FROM `hcf_auth_rule` [ RunTime:0.0002s ]
SQL: SELECT `id`,title as text,pid as parentId,`state` FROM `hcf_auth_rule` WHERE `pid` = 15  [ RunTime:0.0001s ]

[ 2016-10-12T14:41:03+08:00 ] 192.168.56.1 /Auth/accessList.html
INFO: [ app_begin ] --START--
INFO: Run Behavior\ReadHtmlCacheBehavior [ RunTime:0.000020s ]
INFO: [ app_begin ] --END-- [ RunTime:0.000061s ]
SQL: SHOW COLUMNS FROM `hcf_auth_group_access` [ RunTime:0.0003s ]
SQL: SELECT `uid`,`group_id`,`title`,`rules` FROM hcf_auth_group_access a INNER JOIN hcf_auth_group g on a.group_id=g.id  WHERE ( a.uid='1' and g.status='1' )  [ RunTime:0.0001s ]
SQL: SHOW COLUMNS FROM `hcf_auth_group` [ RunTime:0.0005s ]
SQL: SELECT `rules` FROM `hcf_auth_group` WHERE `id` = 4 LIMIT 1   [ RunTime:0.0000s ]
SQL: SHOW COLUMNS FROM `hcf_auth_rule` [ RunTime:0.0003s ]
SQL: SELECT `id`,title as text,pid as parentId,`state` FROM `hcf_auth_rule` WHERE `pid` = 16  [ RunTime:0.0001s ]
NOTIC: [2] Invalid argument supplied for foreach() /data1/www/gy_easyui/Apps/Admin/Controller/AuthController.class.php 第 457 行.

[ 2016-10-12T14:41:05+08:00 ] 192.168.56.1 /Auth/accessList.html
INFO: [ app_begin ] --START--
INFO: Run Behavior\ReadHtmlCacheBehavior [ RunTime:0.000072s ]
INFO: [ app_begin ] --END-- [ RunTime:0.000123s ]
SQL: SHOW COLUMNS FROM `hcf_auth_group_access` [ RunTime:0.0004s ]
SQL: SELECT `uid`,`group_id`,`title`,`rules` FROM hcf_auth_group_access a INNER JOIN hcf_auth_group g on a.group_id=g.id  WHERE ( a.uid='1' and g.status='1' )  [ RunTime:0.0000s ]
SQL: SHOW COLUMNS FROM `hcf_auth_group` [ RunTime:0.0003s ]
SQL: SELECT `rules` FROM `hcf_auth_group` WHERE `id` = 4 LIMIT 1   [ RunTime:0.0000s ]
SQL: SHOW COLUMNS FROM `hcf_auth_rule` [ RunTime:0.0003s ]
SQL: SELECT `id`,title as text,pid as parentId,`state` FROM `hcf_auth_rule` WHERE `pid` = 17  [ RunTime:0.0001s ]

[ 2016-10-12T14:41:07+08:00 ] 192.168.56.1 /Auth/accessList.html
INFO: [ app_begin ] --START--
INFO: Run Behavior\ReadHtmlCacheBehavior [ RunTime:0.000018s ]
INFO: [ app_begin ] --END-- [ RunTime:0.000056s ]
SQL: SHOW COLUMNS FROM `hcf_auth_group_access` [ RunTime:0.0003s ]
SQL: SELECT `uid`,`group_id`,`title`,`rules` FROM hcf_auth_group_access a INNER JOIN hcf_auth_group g on a.group_id=g.id  WHERE ( a.uid='1' and g.status='1' )  [ RunTime:0.0000s ]
SQL: SHOW COLUMNS FROM `hcf_auth_group` [ RunTime:0.0003s ]
SQL: SELECT `rules` FROM `hcf_auth_group` WHERE `id` = 4 LIMIT 1   [ RunTime:0.0000s ]
SQL: SHOW COLUMNS FROM `hcf_auth_rule` [ RunTime:0.0002s ]
SQL: SELECT `id`,title as text,pid as parentId,`state` FROM `hcf_auth_rule` WHERE `pid` = 18  [ RunTime:0.0001s ]

[ 2016-10-12T14:41:09+08:00 ] 192.168.56.1 /Auth/accessList.html
INFO: [ app_begin ] --START--
INFO: Run Behavior\ReadHtmlCacheBehavior [ RunTime:0.000016s ]
INFO: [ app_begin ] --END-- [ RunTime:0.000049s ]
SQL: SHOW COLUMNS FROM `hcf_auth_group_access` [ RunTime:0.0004s ]
SQL: SELECT `uid`,`group_id`,`title`,`rules` FROM hcf_auth_group_access a INNER JOIN hcf_auth_group g on a.group_id=g.id  WHERE ( a.uid='1' and g.status='1' )  [ RunTime:0.0000s ]
SQL: SHOW COLUMNS FROM `hcf_auth_group` [ RunTime:0.0002s ]
SQL: SELECT `rules` FROM `hcf_auth_group` WHERE `id` = 4 LIMIT 1   [ RunTime:0.0000s ]
SQL: SHOW COLUMNS FROM `hcf_auth_rule` [ RunTime:0.0004s ]
SQL: SELECT `id`,title as text,pid as parentId,`state` FROM `hcf_auth_rule` WHERE `pid` = 19  [ RunTime:0.0001s ]
NOTIC: [2] Invalid argument supplied for foreach() /data1/www/gy_easyui/Apps/Admin/Controller/AuthController.class.php 第 457 行.

[ 2016-10-12T14:41:10+08:00 ] 192.168.56.1 /Auth/accessList.html
INFO: [ app_begin ] --START--
INFO: Run Behavior\ReadHtmlCacheBehavior [ RunTime:0.000019s ]
INFO: [ app_begin ] --END-- [ RunTime:0.000059s ]
SQL: SHOW COLUMNS FROM `hcf_auth_group_access` [ RunTime:0.0003s ]
SQL: SELECT `uid`,`group_id`,`title`,`rules` FROM hcf_auth_group_access a INNER JOIN hcf_auth_group g on a.group_id=g.id  WHERE ( a.uid='1' and g.status='1' )  [ RunTime:0.0000s ]
SQL: SHOW COLUMNS FROM `hcf_auth_group` [ RunTime:0.0002s ]
SQL: SELECT `rules` FROM `hcf_auth_group` WHERE `id` = 4 LIMIT 1   [ RunTime:0.0000s ]
SQL: SHOW COLUMNS FROM `hcf_auth_rule` [ RunTime:0.0003s ]
SQL: SELECT `id`,title as text,pid as parentId,`state` FROM `hcf_auth_rule` WHERE `pid` = 20  [ RunTime:0.0001s ]
NOTIC: [2] Invalid argument supplied for foreach() /data1/www/gy_easyui/Apps/Admin/Controller/AuthController.class.php 第 457 行.

[ 2016-10-12T14:46:57+08:00 ] 192.168.56.1 /Auth/index.html?_=1476252206815
INFO: [ app_begin ] --START--
INFO: Run Behavior\ReadHtmlCacheBehavior [ RunTime:0.000041s ]
INFO: [ app_begin ] --END-- [ RunTime:0.000111s ]
SQL: SHOW COLUMNS FROM `hcf_auth_group_access` [ RunTime:0.0006s ]
SQL: SELECT `uid`,`group_id`,`title`,`rules` FROM hcf_auth_group_access a INNER JOIN hcf_auth_group g on a.group_id=g.id  WHERE ( a.uid='1' and g.status='1' )  [ RunTime:0.0001s ]
SQL: SHOW COLUMNS FROM `hcf_auth_group` [ RunTime:0.0006s ]
SQL: SELECT `id`,`title` FROM `hcf_auth_group`  [ RunTime:0.0001s ]
INFO: [ view_parse ] --START--
INFO: [ template_filter ] --START--
INFO: Run Behavior\ContentReplaceBehavior [ RunTime:0.000034s ]
INFO: [ template_filter ] --END-- [ RunTime:0.000073s ]
INFO: Run Behavior\ParseTemplateBehavior [ RunTime:0.012740s ]
INFO: [ view_parse ] --END-- [ RunTime:0.012788s ]
INFO: [ view_filter ] --START--
INFO: Run Behavior\WriteHtmlCacheBehavior [ RunTime:0.000048s ]
INFO: [ view_filter ] --END-- [ RunTime:0.000067s ]
INFO: [ app_end ] --START--
INFO: Run Behavior\ShowPageTraceBehavior [ RunTime:0.000042s ]
INFO: [ app_end ] --END-- [ RunTime:0.000064s ]

[ 2016-10-12T14:46:57+08:00 ] 192.168.56.1 /Auth/userList.html
INFO: [ app_begin ] --START--
INFO: Run Behavior\ReadHtmlCacheBehavior [ RunTime:0.000031s ]
INFO: [ app_begin ] --END-- [ RunTime:0.000080s ]
SQL: SHOW COLUMNS FROM `hcf_auth_group_access` [ RunTime:0.0004s ]
SQL: SELECT `uid`,`group_id`,`title`,`rules` FROM hcf_auth_group_access a INNER JOIN hcf_auth_group g on a.group_id=g.id  WHERE ( a.uid='1' and g.status='1' )  [ RunTime:0.0002s ]
SQL: SHOW COLUMNS FROM `hcf_auth_user` [ RunTime:0.0005s ]
SQL: SELECT COUNT(*) AS tp_count FROM `hcf_auth_user` LIMIT 1   [ RunTime:0.0002s ]
SQL: SELECT AU.uid,AU.username as name,AU.email,AU.lastloginip,AU.lastlogintime,AU.realname,AU.score,AG.title,AG.id as groupId FROM hcf_auth_user AU left JOIN hcf_auth_group_access as AGA on AGA.uid=AU.uid left JOIN hcf_auth_group as AG on AG.id=AGA.group_id  ORDER BY uid desc LIMIT 0,15   [ RunTime:0.0002s ]

[ 2016-10-12T14:52:09+08:00 ] 192.168.56.1 /Member/group.html?_=1476255120347
INFO: [ app_begin ] --START--
INFO: Run Behavior\ReadHtmlCacheBehavior [ RunTime:0.000034s ]
INFO: [ app_begin ] --END-- [ RunTime:0.000085s ]
SQL: SHOW COLUMNS FROM `hcf_auth_group_access` [ RunTime:0.0004s ]
SQL: SELECT `uid`,`group_id`,`title`,`rules` FROM hcf_auth_group_access a INNER JOIN hcf_auth_group g on a.group_id=g.id  WHERE ( a.uid='1' and g.status='1' )  [ RunTime:0.0001s ]
INFO: [ view_parse ] --START--
INFO: [ template_filter ] --START--
INFO: Run Behavior\ContentReplaceBehavior [ RunTime:0.000053s ]
INFO: [ template_filter ] --END-- [ RunTime:0.000111s ]
INFO: Run Behavior\ParseTemplateBehavior [ RunTime:0.005617s ]
INFO: [ view_parse ] --END-- [ RunTime:0.005661s ]
INFO: [ view_filter ] --START--
INFO: Run Behavior\WriteHtmlCacheBehavior [ RunTime:0.000051s ]
INFO: [ view_filter ] --END-- [ RunTime:0.000078s ]
INFO: [ app_end ] --START--
INFO: Run Behavior\ShowPageTraceBehavior [ RunTime:0.000039s ]
INFO: [ app_end ] --END-- [ RunTime:0.000074s ]

[ 2016-10-12T14:52:10+08:00 ] 192.168.56.1 /Member/groupList.html
INFO: [ app_begin ] --START--
INFO: Run Behavior\ReadHtmlCacheBehavior [ RunTime:0.000020s ]
INFO: [ app_begin ] --END-- [ RunTime:0.000055s ]
SQL: SHOW COLUMNS FROM `hcf_auth_group_access` [ RunTime:0.0005s ]
SQL: SELECT `uid`,`group_id`,`title`,`rules` FROM hcf_auth_group_access a INNER JOIN hcf_auth_group g on a.group_id=g.id  WHERE ( a.uid='1' and g.status='1' )  [ RunTime:0.0001s ]
SQL: SHOW COLUMNS FROM `hcf_member_group` [ RunTime:0.0005s ]
SQL: SELECT COUNT(*) AS tp_count FROM `hcf_member_group` LIMIT 1   [ RunTime:0.0009s ]
SQL: SELECT * FROM `hcf_member_group` ORDER BY sort desc LIMIT 0,10   [ RunTime:0.0001s ]

[ 2016-10-12T14:52:20+08:00 ] 192.168.56.1 /Member/index.html?_=1476255120348
INFO: [ app_begin ] --START--
INFO: Run Behavior\ReadHtmlCacheBehavior [ RunTime:0.000035s ]
INFO: [ app_begin ] --END-- [ RunTime:0.000232s ]
SQL: SHOW COLUMNS FROM `hcf_auth_group_access` [ RunTime:0.0006s ]
SQL: SELECT `uid`,`group_id`,`title`,`rules` FROM hcf_auth_group_access a INNER JOIN hcf_auth_group g on a.group_id=g.id  WHERE ( a.uid='1' and g.status='1' )  [ RunTime:0.0002s ]
SQL: SHOW COLUMNS FROM `hcf_member_group` [ RunTime:0.0007s ]
SQL: SELECT `id`,`name` FROM `hcf_member_group` ORDER BY sort desc  [ RunTime:0.0002s ]
INFO: [ view_parse ] --START--
INFO: [ template_filter ] --START--
INFO: Run Behavior\ContentReplaceBehavior [ RunTime:0.000054s ]
INFO: [ template_filter ] --END-- [ RunTime:0.000112s ]
INFO: Run Behavior\ParseTemplateBehavior [ RunTime:0.006701s ]
INFO: [ view_parse ] --END-- [ RunTime:0.006748s ]
INFO: [ view_filter ] --START--
INFO: Run Behavior\WriteHtmlCacheBehavior [ RunTime:0.000355s ]
INFO: [ view_filter ] --END-- [ RunTime:0.000374s ]
INFO: [ app_end ] --START--
INFO: Run Behavior\ShowPageTraceBehavior [ RunTime:0.000033s ]
INFO: [ app_end ] --END-- [ RunTime:0.000052s ]

[ 2016-10-12T14:52:21+08:00 ] 192.168.56.1 /Member/memberList.html
INFO: [ app_begin ] --START--
INFO: Run Behavior\ReadHtmlCacheBehavior [ RunTime:0.000016s ]
INFO: [ app_begin ] --END-- [ RunTime:0.000046s ]
SQL: SHOW COLUMNS FROM `hcf_auth_group_access` [ RunTime:0.0004s ]
SQL: SELECT `uid`,`group_id`,`title`,`rules` FROM hcf_auth_group_access a INNER JOIN hcf_auth_group g on a.group_id=g.id  WHERE ( a.uid='1' and g.status='1' )  [ RunTime:0.0000s ]
SQL: SHOW COLUMNS FROM `hcf_member` [ RunTime:0.0004s ]
NOTIC: [8] Undefined variable: map /data1/www/gy_easyui/Apps/Admin/Controller/MemberController.class.php 第 40 行.
SQL: SELECT COUNT(*) AS tp_count FROM `hcf_member` LIMIT 1   [ RunTime:0.0000s ]
NOTIC: [8] Undefined variable: map /data1/www/gy_easyui/Apps/Admin/Controller/MemberController.class.php 第 42 行.
SQL: SELECT M.id,M.username,M.groupid as gid,M.nickname,M.mobile,M.email,M.vip,M.overduedate,M.amount as amt,M.point as pt,M.loginnum,M.regdate,M.regip,M.lastdate,M.lastip,M.islock as lk,MG.name FROM hcf_member M left JOIN hcf_member_group as MG on MG.id=M.groupid  ORDER BY id desc LIMIT 0,15   [ RunTime:0.0001s ]

